<?xml version="1.0" encoding="UTF-8"?>
<!-- Generated by org.testng.reporters.JUnitReportReporter -->
<testsuite hostname="localhost" failures="0" tests="2" name="com.qa.test.GetApiTest" time="2.337" errors="0" timestamp="23 1æœˆ 2021 12:52:43 GMT" skipped="0">
  <testcase classname="com.qa.test.GetApiTest" name="getAPITest" time="0.816"/>
  <testcase classname="com.qa.test.GetApiTest" name="getAPITest" time="1.521"/>
</testsuite> <!-- com.qa.test.GetApiTest -->
