<?xml version="1.0" encoding="UTF-8"?>
<!-- Generated by org.testng.reporters.JUnitReportReporter -->
<testsuite hostname="localhost" failures="0" tests="2" name="com.qa.test.PostApiTest" time="4.853" errors="0" timestamp="23 1æœˆ 2021 12:52:43 GMT" skipped="0">
  <testcase classname="com.qa.test.PostApiTest" name="postAPITest" time="1.850"/>
  <testcase classname="com.qa.test.PostApiTest" name="postAPITest" time="3.003"/>
</testsuite> <!-- com.qa.test.PostApiTest -->
